GPU memory usage: used = 776.637501, free = 3319.362499 MB, total = 4096.000000 MB
cost time : 25.102
1 -1 
2 -1 
3 -1 
4 -1 
5 -1 
6 -1 
7 -1 
8 -1 
9 -1 
10 -1 
11 -1 
12 -1 
13 -1 
14 -1 
15 -1 
17 -1 
14 -1 1 -1 
14 -1 2 -1 
14 -1 14 -1 
14 -1 14 -1 1 -1 
14 -1 14 -1 14 -1 
14 -1 14 -1 14 -1 1 -1 
14 -1 14 -1 14 -1 14 -1 
14 -1 14 -1 14 -1 14 -1 14 -1 
14 -1 14 -1 14 -1 14 -1 14 -1 14 -1 
14 -1 14 -1 14 -1 14 -1 14 -1 14 -1 14 -1 
14 -1 14 -1 14 -1 14 -1 14 -1 14 -1 14 -1 14 -1 
14 -1 1 -1 1 -1 
13 -1 13 -1 
13 -1 14 -1 
13 -1 14 -1 14 -1 
13 -1 13 -1 13 -1 
13 -1 13 -1 14 -1 
13 -1 13 -1 13 -1 13 -1 
13 -1 13 -1 13 -1 13 -1 13 -1 
12 -1 1 -1 
12 -1 2 -1 
12 -1 3 -1 
12 -1 12 -1 
12 -1 12 -1 1 -1 
12 -1 12 -1 12 -1 
12 -1 12 -1 12 -1 12 -1 
12 -1 12 -1 12 -1 12 -1 12 -1 
12 -1 1 -1 1 -1 
12 -1 1 -1 1 -1 1 -1 
11 -1 1 -1 
11 -1 2 -1 
11 -1 11 -1 
11 -1 1 -1 1 -1 
11 -1 1 -1 1 -1 1 -1 
10 -1 1 -1 
10 -1 2 -1 
10 -1 10 -1 
10 -1 10 -1 10 -1 
9 -1 1 -1 
9 -1 4 -1 
9 -1 7 -1 
9 -1 9 -1 
9 -1 9 -1 9 -1 
9 -1 9 -1 9 -1 9 -1 
8 -1 8 -1 
8 -1 8 -1 8 -1 
8 -1 8 -1 8 -1 8 -1 
8 -1 8 -1 8 -1 8 -1 8 -1 
8 -1 8 -1 8 -1 8 -1 8 -1 8 -1 
8 -1 8 -1 8 -1 8 -1 8 -1 8 -1 8 -1 
8 -1 8 -1 8 -1 8 -1 8 -1 8 -1 8 -1 8 -1 
8 -1 8 -1 8 -1 8 -1 8 -1 8 -1 8 -1 8 -1 8 -1 
8 -1 8 -1 8 -1 8 -1 8 -1 8 -1 8 -1 8 -1 8 -1 8 -1 
7 -1 1 -1 
7 -1 2 -1 
7 -1 4 -1 
7 -1 6 -1 
7 -1 7 -1 
7 -1 7 -1 1 -1 
7 -1 7 -1 4 -1 
7 -1 7 -1 6 -1 
7 -1 7 -1 7 -1 
7 -1 7 -1 7 -1 6 -1 
7 -1 7 -1 7 -1 7 -1 
7 -1 7 -1 7 -1 7 -1 7 -1 
7 -1 7 -1 7 -1 7 -1 7 -1 7 -1 
7 -1 7 -1 7 -1 6 -1 6 -1 
7 -1 7 -1 6 -1 6 -1 
7 -1 7 -1 6 -1 7 -1 
7 -1 7 -1 1 -1 1 -1 
7 -1 6 -1 6 -1 
7 -1 6 -1 7 -1 
7 -1 4 -1 4 -1 
7 -1 4 -1 4 -1 4 -1 
7 -1 1 -1 1 -1 
6 -1 1 -1 
6 -1 2 -1 
6 -1 3 -1 
6 -1 4 -1 
6 -1 6 -1 
6 -1 7 -1 
6 -1 9 -1 
6 -1 10 -1 
6 -1 15 -1 
6 -1 7 -1 6 -1 
6 -1 7 -1 7 -1 
6 -1 7 -1 7 -1 6 -1 
6 -1 7 -1 7 -1 7 -1 
6 -1 7 -1 7 -1 7 -1 6 -1 
6 -1 7 -1 7 -1 7 -1 7 -1 
6 -1 7 -1 7 -1 7 -1 6 -1 6 -1 
6 -1 7 -1 7 -1 6 -1 6 -1 
6 -1 7 -1 6 -1 6 -1 
6 -1 7 -1 6 -1 7 -1 
6 -1 6 -1 1 -1 
6 -1 6 -1 6 -1 
6 -1 6 -1 7 -1 
6 -1 6 -1 7 -1 6 -1 
6 -1 6 -1 7 -1 7 -1 
6 -1 6 -1 7 -1 7 -1 7 -1 
6 -1 6 -1 6 -1 6 -1 
6 -1 6 -1 6 -1 6 -1 6 -1 
6 -1 2 -1 2 -1 
6 -1 1 -1 1 -1 
5 -1 5 -1 
5 -1 5 -1 5 -1 
4 -1 1 -1 
4 -1 2 -1 
4 -1 4 -1 
4 -1 6 -1 
4 -1 7 -1 
4 -1 7 -1 4 -1 
4 -1 4 -1 4 -1 
4 -1 4 -1 4 -1 4 -1 
4 -1 4 -1 4 -1 4 -1 4 -1 
4 -1 4 -1 4 -1 4 -1 4 -1 4 -1 
4 -1 4 -1 4 -1 4 -1 4 -1 4 -1 4 -1 
4 -1 4 -1 4 -1 4 -1 4 -1 4 -1 4 -1 4 -1 
4 -1 2 -1 2 -1 
4 -1 1 -1 1 -1 
3 -1 1 -1 
3 -1 2 -1 
3 -1 3 -1 
3 -1 3 -1 3 -1 
3 -1 1 -1 1 -1 
2 -1 1 -1 
2 -1 2 -1 
2 -1 3 -1 
2 -1 4 -1 
2 -1 6 -1 
2 -1 7 -1 
2 -1 10 -1 
2 -1 12 -1 
2 -1 14 -1 
2 -1 4 -1 4 -1 
2 -1 2 -1 1 -1 
2 -1 2 -1 2 -1 
2 -1 2 -1 4 -1 
2 -1 2 -1 6 -1 
2 -1 2 -1 2 -1 1 -1 
2 -1 2 -1 2 -1 2 -1 
2 -1 2 -1 2 -1 2 -1 2 -1 
2 -1 2 -1 2 -1 2 -1 2 -1 2 -1 
2 -1 2 -1 2 -1 2 -1 2 -1 2 -1 2 -1 
2 -1 2 -1 1 -1 1 -1 
2 -1 1 -1 1 -1 
2 -1 1 -1 2 -1 
2 -1 1 -1 2 -1 1 -1 
2 -1 1 -1 2 -1 2 -1 
2 -1 1 -1 1 -1 1 -1 
2 -1 1 -1 1 -1 1 -1 1 -1 
1 -1 1 -1 
1 -1 2 -1 
1 -1 3 -1 
1 -1 4 -1 
1 -1 5 -1 
1 -1 6 -1 
1 -1 7 -1 
1 -1 10 -1 
1 -1 11 -1 
1 -1 12 -1 
1 -1 14 -1 
1 -1 14 -1 1 -1 
1 -1 14 -1 14 -1 
1 -1 14 -1 14 -1 1 -1 
1 -1 14 -1 14 -1 14 -1 
1 -1 14 -1 14 -1 14 -1 14 -1 
1 -1 14 -1 14 -1 14 -1 14 -1 14 -1 
1 -1 14 -1 1 -1 1 -1 
1 -1 12 -1 1 -1 
1 -1 12 -1 12 -1 
1 -1 12 -1 12 -1 12 -1 
1 -1 12 -1 1 -1 1 -1 
1 -1 12 -1 1 -1 1 -1 1 -1 
1 -1 11 -1 1 -1 
1 -1 11 -1 1 -1 1 -1 
1 -1 10 -1 1 -1 
1 -1 10 -1 10 -1 
1 -1 7 -1 1 -1 
1 -1 7 -1 4 -1 
1 -1 7 -1 7 -1 
1 -1 7 -1 7 -1 1 -1 
1 -1 7 -1 7 -1 7 -1 
1 -1 7 -1 7 -1 7 -1 7 -1 
1 -1 7 -1 1 -1 1 -1 
1 -1 6 -1 1 -1 
1 -1 6 -1 6 -1 
1 -1 6 -1 6 -1 6 -1 
1 -1 4 -1 1 -1 
1 -1 4 -1 4 -1 
1 -1 4 -1 4 -1 4 -1 
1 -1 4 -1 1 -1 1 -1 
1 -1 3 -1 1 -1 
1 -1 3 -1 3 -1 
1 -1 2 -1 1 -1 
1 -1 2 -1 2 -1 
1 -1 2 -1 4 -1 
1 -1 2 -1 6 -1 
1 -1 2 -1 12 -1 
1 -1 2 -1 2 -1 1 -1 
1 -1 2 -1 2 -1 2 -1 
1 -1 2 -1 2 -1 2 -1 1 -1 
1 -1 2 -1 2 -1 2 -1 2 -1 
1 -1 2 -1 2 -1 2 -1 2 -1 2 -1 
1 -1 2 -1 2 -1 1 -1 1 -1 
1 -1 2 -1 1 -1 1 -1 
1 -1 2 -1 1 -1 2 -1 
1 -1 2 -1 1 -1 1 -1 1 -1 
1 -1 2 -1 1 -1 1 -1 1 -1 1 -1 
1 -1 1 -1 1 -1 
1 -1 1 -1 2 -1 
1 -1 1 -1 3 -1 
1 -1 1 -1 4 -1 
1 -1 1 -1 6 -1 
1 -1 1 -1 7 -1 
1 -1 1 -1 10 -1 
1 -1 1 -1 11 -1 
1 -1 1 -1 12 -1 
1 -1 1 -1 14 -1 
1 -1 1 -1 14 -1 1 -1 
1 -1 1 -1 14 -1 14 -1 
1 -1 1 -1 12 -1 1 -1 
1 -1 1 -1 12 -1 12 -1 
1 -1 1 -1 12 -1 1 -1 1 -1 
1 -1 1 -1 11 -1 1 -1 
1 -1 1 -1 7 -1 1 -1 
1 -1 1 -1 7 -1 7 -1 
1 -1 1 -1 6 -1 6 -1 
1 -1 1 -1 4 -1 1 -1 
1 -1 1 -1 4 -1 4 -1 
1 -1 1 -1 2 -1 1 -1 
1 -1 1 -1 2 -1 2 -1 
1 -1 1 -1 2 -1 2 -1 1 -1 
1 -1 1 -1 2 -1 2 -1 2 -1 
1 -1 1 -1 2 -1 1 -1 1 -1 
1 -1 1 -1 2 -1 1 -1 1 -1 1 -1 
1 -1 1 -1 1 -1 1 -1 
1 -1 1 -1 1 -1 2 -1 
1 -1 1 -1 1 -1 4 -1 
1 -1 1 -1 1 -1 7 -1 
1 -1 1 -1 1 -1 12 -1 
1 -1 1 -1 1 -1 14 -1 
1 -1 1 -1 1 -1 2 -1 1 -1 
1 -1 1 -1 1 -1 2 -1 2 -1 
1 -1 1 -1 1 -1 2 -1 1 -1 1 -1 
1 -1 1 -1 1 -1 1 -1 1 -1 
1 -1 1 -1 1 -1 1 -1 2 -1 
1 -1 1 -1 1 -1 1 -1 2 -1 1 -1 
1 -1 1 -1 1 -1 1 -1 1 -1 1 -1 
1 -1 1 -1 1 -1 1 -1 1 -1 1 -1 1 -1 
1 -1 1 -1 1 -1 1 -1 1 -1 1 -1 1 -1 1 -1 
1 -1 1 -1 1 -1 1 -1 1 -1 1 -1 1 -1 1 -1 1 -1 
1 -1 1 -1 1 -1 1 -1 1 -1 1 -1 1 -1 1 -1 1 -1 1 -1 
1 -1 1 -1 1 -1 1 -1 1 -1 1 -1 1 -1 1 -1 1 -1 1 -1 1 -1 
